<?xml version="1.0" encoding="UTF-8"?>
<testng-results ignored="0" total="1" passed="1" failed="0" skipped="0">
  <reporter-output>
  </reporter-output>
  <suite started-at="2024-04-16T12:37:47 IST" name="Default suite" finished-at="2024-04-16T12:38:09 IST" duration-ms="22173">
    <groups>
    </groups>
    <test started-at="2024-04-16T12:37:47 IST" name="Default test" finished-at="2024-04-16T12:38:09 IST" duration-ms="22173">
      <class name="SampleTest">
        <test-method signature="sampleTest()[pri:0, instance:SampleTest@60099951]" started-at="2024-04-16T12:37:47 IST" name="sampleTest" finished-at="2024-04-16T12:38:09 IST" duration-ms="22074" status="PASS">
          <reporter-output>
          </reporter-output>
        </test-method> <!-- sampleTest -->
      </class> <!-- SampleTest -->
    </test> <!-- Default test -->
  </suite> <!-- Default suite -->
</testng-results>
